DEBUG 2025-03-16 20:00:27,767 utils (0.001) SELECT "main_app_product"."id", "main_app_product"."name", "main_app_product"."description", "main_app_product"."price", "main_app_product"."category_id", "main_app_product"."is_available" FROM "main_app_product" WHERE "main_app_product"."is_available"; args=(); alias=default
DEBUG 2025-03-16 20:01:44,215 utils (0.001) SELECT COUNT(*) AS "__count" FROM "main_app_product" WHERE NOT "main_app_product"."is_available"; args=(); alias=default
DEBUG 2025-03-16 20:01:50,895 utils (0.001) SELECT COUNT(*) AS "__count" FROM "main_app_product" WHERE "main_app_product"."is_available"; args=(); alias=default
DEBUG 2025-03-16 20:09:49,824 utils (0.001) SELECT "main_app_product"."id", "main_app_product"."name", "main_app_product"."description", "main_app_product"."price", "main_app_product"."category_id", "main_app_product"."is_available" FROM "main_app_product"; args=(); alias=default
DEBUG 2025-03-16 20:10:03,462 utils (0.001) SELECT "main_app_product"."id", "main_app_product"."name", "main_app_product"."description", "main_app_product"."price", "main_app_product"."category_id", "main_app_product"."is_available" FROM "main_app_product"; args=(); alias=default
DEBUG 2025-03-17 09:28:15,666 utils (0.033) 
            SELECT
                c.relname,
                CASE
                    WHEN c.relispartition THEN 'p'
                    WHEN c.relkind IN ('m', 'v') THEN 'v'
                    ELSE 't'
                END,
                obj_description(c.oid, 'pg_class')
            FROM pg_catalog.pg_class c
            LEFT JOIN pg_catalog.pg_namespace n ON n.oid = c.relnamespace
            WHERE c.relkind IN ('f', 'm', 'p', 'r', 'v')
                AND n.nspname NOT IN ('pg_catalog', 'pg_toast')
                AND pg_catalog.pg_table_is_visible(c.oid)
        ; args=None; alias=default
DEBUG 2025-03-17 09:28:15,672 utils (0.002) SELECT "django_migrations"."id", "django_migrations"."app", "django_migrations"."name", "django_migrations"."applied" FROM "django_migrations"; args=(); alias=default
DEBUG 2025-03-17 09:28:22,444 utils (0.004) 
            SELECT
                c.relname,
                CASE
                    WHEN c.relispartition THEN 'p'
                    WHEN c.relkind IN ('m', 'v') THEN 'v'
                    ELSE 't'
                END,
                obj_description(c.oid, 'pg_class')
            FROM pg_catalog.pg_class c
            LEFT JOIN pg_catalog.pg_namespace n ON n.oid = c.relnamespace
            WHERE c.relkind IN ('f', 'm', 'p', 'r', 'v')
                AND n.nspname NOT IN ('pg_catalog', 'pg_toast')
                AND pg_catalog.pg_table_is_visible(c.oid)
        ; args=None; alias=default
DEBUG 2025-03-17 09:28:22,447 utils (0.001) SELECT "django_migrations"."id", "django_migrations"."app", "django_migrations"."name", "django_migrations"."applied" FROM "django_migrations"; args=(); alias=default
DEBUG 2025-03-17 09:28:22,448 utils (0.001) 
            SELECT
                c.relname,
                CASE
                    WHEN c.relispartition THEN 'p'
                    WHEN c.relkind IN ('m', 'v') THEN 'v'
                    ELSE 't'
                END,
                obj_description(c.oid, 'pg_class')
            FROM pg_catalog.pg_class c
            LEFT JOIN pg_catalog.pg_namespace n ON n.oid = c.relnamespace
            WHERE c.relkind IN ('f', 'm', 'p', 'r', 'v')
                AND n.nspname NOT IN ('pg_catalog', 'pg_toast')
                AND pg_catalog.pg_table_is_visible(c.oid)
        ; args=None; alias=default
DEBUG 2025-03-17 09:28:22,448 utils (0.000) SELECT "django_migrations"."id", "django_migrations"."app", "django_migrations"."name", "django_migrations"."applied" FROM "django_migrations"; args=(); alias=default
DEBUG 2025-03-17 09:28:22,459 utils (0.001) 
            SELECT
                c.relname,
                CASE
                    WHEN c.relispartition THEN 'p'
                    WHEN c.relkind IN ('m', 'v') THEN 'v'
                    ELSE 't'
                END,
                obj_description(c.oid, 'pg_class')
            FROM pg_catalog.pg_class c
            LEFT JOIN pg_catalog.pg_namespace n ON n.oid = c.relnamespace
            WHERE c.relkind IN ('f', 'm', 'p', 'r', 'v')
                AND n.nspname NOT IN ('pg_catalog', 'pg_toast')
                AND pg_catalog.pg_table_is_visible(c.oid)
        ; args=None; alias=default
DEBUG 2025-03-17 09:28:22,460 utils (0.000) SELECT "django_migrations"."id", "django_migrations"."app", "django_migrations"."name", "django_migrations"."applied" FROM "django_migrations"; args=(); alias=default
DEBUG 2025-03-17 09:28:22,470 utils (0.009) SELECT "django_content_type"."id", "django_content_type"."app_label", "django_content_type"."model" FROM "django_content_type" WHERE "django_content_type"."app_label" = 'admin'; args=('admin',); alias=default
DEBUG 2025-03-17 09:28:22,471 utils (0.001) SELECT "django_content_type"."id", "django_content_type"."app_label", "django_content_type"."model" FROM "django_content_type" WHERE ("django_content_type"."app_label" = 'admin' AND "django_content_type"."model" = 'logentry') LIMIT 21; args=('admin', 'logentry'); alias=default
DEBUG 2025-03-17 09:28:22,477 utils (0.005) SELECT "auth_permission"."content_type_id", "auth_permission"."codename" FROM "auth_permission" INNER JOIN "django_content_type" ON ("auth_permission"."content_type_id" = "django_content_type"."id") WHERE "auth_permission"."content_type_id" IN (1) ORDER BY "django_content_type"."app_label" ASC, "django_content_type"."model" ASC, "auth_permission"."codename" ASC; args=(1,); alias=default
DEBUG 2025-03-17 09:28:22,478 utils (0.000) SELECT "django_content_type"."id", "django_content_type"."app_label", "django_content_type"."model" FROM "django_content_type" WHERE "django_content_type"."app_label" = 'admin'; args=('admin',); alias=default
DEBUG 2025-03-17 09:28:22,478 utils (0.000) SELECT "django_content_type"."id", "django_content_type"."app_label", "django_content_type"."model" FROM "django_content_type" WHERE "django_content_type"."app_label" = 'auth'; args=('auth',); alias=default
DEBUG 2025-03-17 09:28:22,479 utils (0.000) SELECT "django_content_type"."id", "django_content_type"."app_label", "django_content_type"."model" FROM "django_content_type" WHERE ("django_content_type"."app_label" = 'auth' AND "django_content_type"."model" = 'permission') LIMIT 21; args=('auth', 'permission'); alias=default
DEBUG 2025-03-17 09:28:22,479 utils (0.000) SELECT "django_content_type"."id", "django_content_type"."app_label", "django_content_type"."model" FROM "django_content_type" WHERE ("django_content_type"."app_label" = 'auth' AND "django_content_type"."model" = 'group') LIMIT 21; args=('auth', 'group'); alias=default
DEBUG 2025-03-17 09:28:22,480 utils (0.000) SELECT "django_content_type"."id", "django_content_type"."app_label", "django_content_type"."model" FROM "django_content_type" WHERE ("django_content_type"."app_label" = 'auth' AND "django_content_type"."model" = 'user') LIMIT 21; args=('auth', 'user'); alias=default
DEBUG 2025-03-17 09:28:22,481 utils (0.001) SELECT "auth_permission"."content_type_id", "auth_permission"."codename" FROM "auth_permission" INNER JOIN "django_content_type" ON ("auth_permission"."content_type_id" = "django_content_type"."id") WHERE "auth_permission"."content_type_id" IN (2, 3, 4) ORDER BY "django_content_type"."app_label" ASC, "django_content_type"."model" ASC, "auth_permission"."codename" ASC; args=(2, 3, 4); alias=default
DEBUG 2025-03-17 09:28:22,482 utils (0.000) SELECT "django_content_type"."id", "django_content_type"."app_label", "django_content_type"."model" FROM "django_content_type" WHERE "django_content_type"."app_label" = 'auth'; args=('auth',); alias=default
DEBUG 2025-03-17 09:28:22,482 utils (0.000) SELECT "django_content_type"."id", "django_content_type"."app_label", "django_content_type"."model" FROM "django_content_type" WHERE "django_content_type"."app_label" = 'contenttypes'; args=('contenttypes',); alias=default
DEBUG 2025-03-17 09:28:22,482 utils (0.000) SELECT "django_content_type"."id", "django_content_type"."app_label", "django_content_type"."model" FROM "django_content_type" WHERE ("django_content_type"."app_label" = 'contenttypes' AND "django_content_type"."model" = 'contenttype') LIMIT 21; args=('contenttypes', 'contenttype'); alias=default
DEBUG 2025-03-17 09:28:22,483 utils (0.000) SELECT "auth_permission"."content_type_id", "auth_permission"."codename" FROM "auth_permission" INNER JOIN "django_content_type" ON ("auth_permission"."content_type_id" = "django_content_type"."id") WHERE "auth_permission"."content_type_id" IN (5) ORDER BY "django_content_type"."app_label" ASC, "django_content_type"."model" ASC, "auth_permission"."codename" ASC; args=(5,); alias=default
DEBUG 2025-03-17 09:28:22,484 utils (0.000) SELECT "django_content_type"."id", "django_content_type"."app_label", "django_content_type"."model" FROM "django_content_type" WHERE "django_content_type"."app_label" = 'contenttypes'; args=('contenttypes',); alias=default
DEBUG 2025-03-17 09:28:22,484 utils (0.000) SELECT "django_content_type"."id", "django_content_type"."app_label", "django_content_type"."model" FROM "django_content_type" WHERE "django_content_type"."app_label" = 'sessions'; args=('sessions',); alias=default
DEBUG 2025-03-17 09:28:22,484 utils (0.000) SELECT "django_content_type"."id", "django_content_type"."app_label", "django_content_type"."model" FROM "django_content_type" WHERE ("django_content_type"."app_label" = 'sessions' AND "django_content_type"."model" = 'session') LIMIT 21; args=('sessions', 'session'); alias=default
DEBUG 2025-03-17 09:28:22,485 utils (0.000) SELECT "auth_permission"."content_type_id", "auth_permission"."codename" FROM "auth_permission" INNER JOIN "django_content_type" ON ("auth_permission"."content_type_id" = "django_content_type"."id") WHERE "auth_permission"."content_type_id" IN (6) ORDER BY "django_content_type"."app_label" ASC, "django_content_type"."model" ASC, "auth_permission"."codename" ASC; args=(6,); alias=default
DEBUG 2025-03-17 09:28:22,486 utils (0.000) SELECT "django_content_type"."id", "django_content_type"."app_label", "django_content_type"."model" FROM "django_content_type" WHERE "django_content_type"."app_label" = 'sessions'; args=('sessions',); alias=default
DEBUG 2025-03-17 09:28:22,486 utils (0.000) SELECT "django_content_type"."id", "django_content_type"."app_label", "django_content_type"."model" FROM "django_content_type" WHERE "django_content_type"."app_label" = 'main_app'; args=('main_app',); alias=default
DEBUG 2025-03-17 09:28:22,486 utils (0.000) SELECT "django_content_type"."id", "django_content_type"."app_label", "django_content_type"."model" FROM "django_content_type" WHERE ("django_content_type"."app_label" = 'main_app' AND "django_content_type"."model" = 'category') LIMIT 21; args=('main_app', 'category'); alias=default
DEBUG 2025-03-17 09:28:22,487 utils (0.000) SELECT "django_content_type"."id", "django_content_type"."app_label", "django_content_type"."model" FROM "django_content_type" WHERE ("django_content_type"."app_label" = 'main_app' AND "django_content_type"."model" = 'customer') LIMIT 21; args=('main_app', 'customer'); alias=default
DEBUG 2025-03-17 09:28:22,487 utils (0.000) SELECT "django_content_type"."id", "django_content_type"."app_label", "django_content_type"."model" FROM "django_content_type" WHERE ("django_content_type"."app_label" = 'main_app' AND "django_content_type"."model" = 'order') LIMIT 21; args=('main_app', 'order'); alias=default
DEBUG 2025-03-17 09:28:22,488 utils (0.000) SELECT "django_content_type"."id", "django_content_type"."app_label", "django_content_type"."model" FROM "django_content_type" WHERE ("django_content_type"."app_label" = 'main_app' AND "django_content_type"."model" = 'product') LIMIT 21; args=('main_app', 'product'); alias=default
DEBUG 2025-03-17 09:28:22,488 utils (0.000) SELECT "django_content_type"."id", "django_content_type"."app_label", "django_content_type"."model" FROM "django_content_type" WHERE ("django_content_type"."app_label" = 'main_app' AND "django_content_type"."model" = 'orderproduct') LIMIT 21; args=('main_app', 'orderproduct'); alias=default
DEBUG 2025-03-17 09:28:22,489 utils (0.000) SELECT "auth_permission"."content_type_id", "auth_permission"."codename" FROM "auth_permission" INNER JOIN "django_content_type" ON ("auth_permission"."content_type_id" = "django_content_type"."id") WHERE "auth_permission"."content_type_id" IN (7, 8, 9, 10, 11) ORDER BY "django_content_type"."app_label" ASC, "django_content_type"."model" ASC, "auth_permission"."codename" ASC; args=(7, 8, 9, 10, 11); alias=default
DEBUG 2025-03-17 09:28:22,489 utils (0.000) SELECT "django_content_type"."id", "django_content_type"."app_label", "django_content_type"."model" FROM "django_content_type" WHERE "django_content_type"."app_label" = 'main_app'; args=('main_app',); alias=default
DEBUG 2025-03-17 09:37:48,390 utils (0.006) 
            SELECT
                c.relname,
                CASE
                    WHEN c.relispartition THEN 'p'
                    WHEN c.relkind IN ('m', 'v') THEN 'v'
                    ELSE 't'
                END,
                obj_description(c.oid, 'pg_class')
            FROM pg_catalog.pg_class c
            LEFT JOIN pg_catalog.pg_namespace n ON n.oid = c.relnamespace
            WHERE c.relkind IN ('f', 'm', 'p', 'r', 'v')
                AND n.nspname NOT IN ('pg_catalog', 'pg_toast')
                AND pg_catalog.pg_table_is_visible(c.oid)
        ; args=None; alias=default
DEBUG 2025-03-17 09:37:48,393 utils (0.001) SELECT "django_migrations"."id", "django_migrations"."app", "django_migrations"."name", "django_migrations"."applied" FROM "django_migrations"; args=(); alias=default
DEBUG 2025-03-17 09:37:52,906 utils (0.004) 
            SELECT
                c.relname,
                CASE
                    WHEN c.relispartition THEN 'p'
                    WHEN c.relkind IN ('m', 'v') THEN 'v'
                    ELSE 't'
                END,
                obj_description(c.oid, 'pg_class')
            FROM pg_catalog.pg_class c
            LEFT JOIN pg_catalog.pg_namespace n ON n.oid = c.relnamespace
            WHERE c.relkind IN ('f', 'm', 'p', 'r', 'v')
                AND n.nspname NOT IN ('pg_catalog', 'pg_toast')
                AND pg_catalog.pg_table_is_visible(c.oid)
        ; args=None; alias=default
DEBUG 2025-03-17 09:37:52,909 utils (0.001) SELECT "django_migrations"."id", "django_migrations"."app", "django_migrations"."name", "django_migrations"."applied" FROM "django_migrations"; args=(); alias=default
DEBUG 2025-03-17 09:37:52,910 utils (0.001) 
            SELECT
                c.relname,
                CASE
                    WHEN c.relispartition THEN 'p'
                    WHEN c.relkind IN ('m', 'v') THEN 'v'
                    ELSE 't'
                END,
                obj_description(c.oid, 'pg_class')
            FROM pg_catalog.pg_class c
            LEFT JOIN pg_catalog.pg_namespace n ON n.oid = c.relnamespace
            WHERE c.relkind IN ('f', 'm', 'p', 'r', 'v')
                AND n.nspname NOT IN ('pg_catalog', 'pg_toast')
                AND pg_catalog.pg_table_is_visible(c.oid)
        ; args=None; alias=default
DEBUG 2025-03-17 09:37:52,910 utils (0.000) SELECT "django_migrations"."id", "django_migrations"."app", "django_migrations"."name", "django_migrations"."applied" FROM "django_migrations"; args=(); alias=default
DEBUG 2025-03-17 09:37:52,921 utils (0.001) 
            SELECT
                c.relname,
                CASE
                    WHEN c.relispartition THEN 'p'
                    WHEN c.relkind IN ('m', 'v') THEN 'v'
                    ELSE 't'
                END,
                obj_description(c.oid, 'pg_class')
            FROM pg_catalog.pg_class c
            LEFT JOIN pg_catalog.pg_namespace n ON n.oid = c.relnamespace
            WHERE c.relkind IN ('f', 'm', 'p', 'r', 'v')
                AND n.nspname NOT IN ('pg_catalog', 'pg_toast')
                AND pg_catalog.pg_table_is_visible(c.oid)
        ; args=None; alias=default
DEBUG 2025-03-17 09:37:52,922 utils (0.000) SELECT "django_migrations"."id", "django_migrations"."app", "django_migrations"."name", "django_migrations"."applied" FROM "django_migrations"; args=(); alias=default
DEBUG 2025-03-17 09:37:52,924 utils (0.002) SELECT "django_content_type"."id", "django_content_type"."app_label", "django_content_type"."model" FROM "django_content_type" WHERE "django_content_type"."app_label" = 'admin'; args=('admin',); alias=default
DEBUG 2025-03-17 09:37:52,925 utils (0.000) SELECT "django_content_type"."id", "django_content_type"."app_label", "django_content_type"."model" FROM "django_content_type" WHERE ("django_content_type"."app_label" = 'admin' AND "django_content_type"."model" = 'logentry') LIMIT 21; args=('admin', 'logentry'); alias=default
DEBUG 2025-03-17 09:37:52,927 utils (0.002) SELECT "auth_permission"."content_type_id", "auth_permission"."codename" FROM "auth_permission" INNER JOIN "django_content_type" ON ("auth_permission"."content_type_id" = "django_content_type"."id") WHERE "auth_permission"."content_type_id" IN (1) ORDER BY "django_content_type"."app_label" ASC, "django_content_type"."model" ASC, "auth_permission"."codename" ASC; args=(1,); alias=default
DEBUG 2025-03-17 09:37:52,928 utils (0.000) SELECT "django_content_type"."id", "django_content_type"."app_label", "django_content_type"."model" FROM "django_content_type" WHERE "django_content_type"."app_label" = 'admin'; args=('admin',); alias=default
DEBUG 2025-03-17 09:37:52,928 utils (0.000) SELECT "django_content_type"."id", "django_content_type"."app_label", "django_content_type"."model" FROM "django_content_type" WHERE "django_content_type"."app_label" = 'auth'; args=('auth',); alias=default
DEBUG 2025-03-17 09:37:52,929 utils (0.000) SELECT "django_content_type"."id", "django_content_type"."app_label", "django_content_type"."model" FROM "django_content_type" WHERE ("django_content_type"."app_label" = 'auth' AND "django_content_type"."model" = 'permission') LIMIT 21; args=('auth', 'permission'); alias=default
DEBUG 2025-03-17 09:37:52,929 utils (0.000) SELECT "django_content_type"."id", "django_content_type"."app_label", "django_content_type"."model" FROM "django_content_type" WHERE ("django_content_type"."app_label" = 'auth' AND "django_content_type"."model" = 'group') LIMIT 21; args=('auth', 'group'); alias=default
DEBUG 2025-03-17 09:37:52,930 utils (0.000) SELECT "django_content_type"."id", "django_content_type"."app_label", "django_content_type"."model" FROM "django_content_type" WHERE ("django_content_type"."app_label" = 'auth' AND "django_content_type"."model" = 'user') LIMIT 21; args=('auth', 'user'); alias=default
DEBUG 2025-03-17 09:37:52,931 utils (0.000) SELECT "auth_permission"."content_type_id", "auth_permission"."codename" FROM "auth_permission" INNER JOIN "django_content_type" ON ("auth_permission"."content_type_id" = "django_content_type"."id") WHERE "auth_permission"."content_type_id" IN (2, 3, 4) ORDER BY "django_content_type"."app_label" ASC, "django_content_type"."model" ASC, "auth_permission"."codename" ASC; args=(2, 3, 4); alias=default
DEBUG 2025-03-17 09:37:52,931 utils (0.000) SELECT "django_content_type"."id", "django_content_type"."app_label", "django_content_type"."model" FROM "django_content_type" WHERE "django_content_type"."app_label" = 'auth'; args=('auth',); alias=default
DEBUG 2025-03-17 09:37:52,931 utils (0.000) SELECT "django_content_type"."id", "django_content_type"."app_label", "django_content_type"."model" FROM "django_content_type" WHERE "django_content_type"."app_label" = 'contenttypes'; args=('contenttypes',); alias=default
DEBUG 2025-03-17 09:37:52,932 utils (0.000) SELECT "django_content_type"."id", "django_content_type"."app_label", "django_content_type"."model" FROM "django_content_type" WHERE ("django_content_type"."app_label" = 'contenttypes' AND "django_content_type"."model" = 'contenttype') LIMIT 21; args=('contenttypes', 'contenttype'); alias=default
DEBUG 2025-03-17 09:37:52,933 utils (0.000) SELECT "auth_permission"."content_type_id", "auth_permission"."codename" FROM "auth_permission" INNER JOIN "django_content_type" ON ("auth_permission"."content_type_id" = "django_content_type"."id") WHERE "auth_permission"."content_type_id" IN (5) ORDER BY "django_content_type"."app_label" ASC, "django_content_type"."model" ASC, "auth_permission"."codename" ASC; args=(5,); alias=default
DEBUG 2025-03-17 09:37:52,933 utils (0.000) SELECT "django_content_type"."id", "django_content_type"."app_label", "django_content_type"."model" FROM "django_content_type" WHERE "django_content_type"."app_label" = 'contenttypes'; args=('contenttypes',); alias=default
DEBUG 2025-03-17 09:37:52,933 utils (0.000) SELECT "django_content_type"."id", "django_content_type"."app_label", "django_content_type"."model" FROM "django_content_type" WHERE "django_content_type"."app_label" = 'sessions'; args=('sessions',); alias=default
DEBUG 2025-03-17 09:37:52,934 utils (0.000) SELECT "django_content_type"."id", "django_content_type"."app_label", "django_content_type"."model" FROM "django_content_type" WHERE ("django_content_type"."app_label" = 'sessions' AND "django_content_type"."model" = 'session') LIMIT 21; args=('sessions', 'session'); alias=default
DEBUG 2025-03-17 09:37:52,935 utils (0.000) SELECT "auth_permission"."content_type_id", "auth_permission"."codename" FROM "auth_permission" INNER JOIN "django_content_type" ON ("auth_permission"."content_type_id" = "django_content_type"."id") WHERE "auth_permission"."content_type_id" IN (6) ORDER BY "django_content_type"."app_label" ASC, "django_content_type"."model" ASC, "auth_permission"."codename" ASC; args=(6,); alias=default
DEBUG 2025-03-17 09:37:52,935 utils (0.000) SELECT "django_content_type"."id", "django_content_type"."app_label", "django_content_type"."model" FROM "django_content_type" WHERE "django_content_type"."app_label" = 'sessions'; args=('sessions',); alias=default
DEBUG 2025-03-17 09:37:52,935 utils (0.000) SELECT "django_content_type"."id", "django_content_type"."app_label", "django_content_type"."model" FROM "django_content_type" WHERE "django_content_type"."app_label" = 'main_app'; args=('main_app',); alias=default
DEBUG 2025-03-17 09:37:52,936 utils (0.000) SELECT "django_content_type"."id", "django_content_type"."app_label", "django_content_type"."model" FROM "django_content_type" WHERE ("django_content_type"."app_label" = 'main_app' AND "django_content_type"."model" = 'category') LIMIT 21; args=('main_app', 'category'); alias=default
DEBUG 2025-03-17 09:37:52,936 utils (0.000) SELECT "django_content_type"."id", "django_content_type"."app_label", "django_content_type"."model" FROM "django_content_type" WHERE ("django_content_type"."app_label" = 'main_app' AND "django_content_type"."model" = 'customer') LIMIT 21; args=('main_app', 'customer'); alias=default
DEBUG 2025-03-17 09:37:52,937 utils (0.000) SELECT "django_content_type"."id", "django_content_type"."app_label", "django_content_type"."model" FROM "django_content_type" WHERE ("django_content_type"."app_label" = 'main_app' AND "django_content_type"."model" = 'order') LIMIT 21; args=('main_app', 'order'); alias=default
DEBUG 2025-03-17 09:37:52,937 utils (0.000) SELECT "django_content_type"."id", "django_content_type"."app_label", "django_content_type"."model" FROM "django_content_type" WHERE ("django_content_type"."app_label" = 'main_app' AND "django_content_type"."model" = 'product') LIMIT 21; args=('main_app', 'product'); alias=default
DEBUG 2025-03-17 09:37:52,938 utils (0.000) SELECT "django_content_type"."id", "django_content_type"."app_label", "django_content_type"."model" FROM "django_content_type" WHERE ("django_content_type"."app_label" = 'main_app' AND "django_content_type"."model" = 'orderproduct') LIMIT 21; args=('main_app', 'orderproduct'); alias=default
DEBUG 2025-03-17 09:37:52,939 utils (0.000) SELECT "auth_permission"."content_type_id", "auth_permission"."codename" FROM "auth_permission" INNER JOIN "django_content_type" ON ("auth_permission"."content_type_id" = "django_content_type"."id") WHERE "auth_permission"."content_type_id" IN (7, 8, 9, 10, 11) ORDER BY "django_content_type"."app_label" ASC, "django_content_type"."model" ASC, "auth_permission"."codename" ASC; args=(7, 8, 9, 10, 11); alias=default
DEBUG 2025-03-17 09:37:52,939 utils (0.000) SELECT "django_content_type"."id", "django_content_type"."app_label", "django_content_type"."model" FROM "django_content_type" WHERE "django_content_type"."app_label" = 'main_app'; args=('main_app',); alias=default
DEBUG 2025-03-17 09:49:24,630 utils (0.001) SELECT "main_app_product"."id", "main_app_product"."name", "main_app_product"."description", "main_app_product"."price", "main_app_product"."category_id", "main_app_product"."is_available" FROM "main_app_product" LIMIT 21; args=(); alias=default
DEBUG 2025-03-17 09:49:24,634 utils (0.002) SELECT "main_app_category"."id", "main_app_category"."name" FROM "main_app_category" WHERE "main_app_category"."id" = 1 LIMIT 21; args=(1,); alias=default
DEBUG 2025-03-17 09:49:24,634 utils (0.000) SELECT "main_app_category"."id", "main_app_category"."name" FROM "main_app_category" WHERE "main_app_category"."id" = 1 LIMIT 21; args=(1,); alias=default
DEBUG 2025-03-17 09:49:24,635 utils (0.000) SELECT "main_app_category"."id", "main_app_category"."name" FROM "main_app_category" WHERE "main_app_category"."id" = 1 LIMIT 21; args=(1,); alias=default
DEBUG 2025-03-17 09:49:24,635 utils (0.000) SELECT "main_app_category"."id", "main_app_category"."name" FROM "main_app_category" WHERE "main_app_category"."id" = 1 LIMIT 21; args=(1,); alias=default
DEBUG 2025-03-17 09:49:24,636 utils (0.000) SELECT "main_app_category"."id", "main_app_category"."name" FROM "main_app_category" WHERE "main_app_category"."id" = 1 LIMIT 21; args=(1,); alias=default
DEBUG 2025-03-17 09:49:24,636 utils (0.000) SELECT "main_app_category"."id", "main_app_category"."name" FROM "main_app_category" WHERE "main_app_category"."id" = 1 LIMIT 21; args=(1,); alias=default
DEBUG 2025-03-17 09:49:24,636 utils (0.000) SELECT "main_app_category"."id", "main_app_category"."name" FROM "main_app_category" WHERE "main_app_category"."id" = 1 LIMIT 21; args=(1,); alias=default
DEBUG 2025-03-17 09:49:24,637 utils (0.000) SELECT "main_app_category"."id", "main_app_category"."name" FROM "main_app_category" WHERE "main_app_category"."id" = 1 LIMIT 21; args=(1,); alias=default
DEBUG 2025-03-17 09:49:24,637 utils (0.000) SELECT "main_app_category"."id", "main_app_category"."name" FROM "main_app_category" WHERE "main_app_category"."id" = 1 LIMIT 21; args=(1,); alias=default
DEBUG 2025-03-17 09:49:24,638 utils (0.000) SELECT "main_app_category"."id", "main_app_category"."name" FROM "main_app_category" WHERE "main_app_category"."id" = 2 LIMIT 21; args=(2,); alias=default
DEBUG 2025-03-17 09:49:24,638 utils (0.000) SELECT "main_app_category"."id", "main_app_category"."name" FROM "main_app_category" WHERE "main_app_category"."id" = 2 LIMIT 21; args=(2,); alias=default
DEBUG 2025-03-17 09:49:24,638 utils (0.000) SELECT "main_app_category"."id", "main_app_category"."name" FROM "main_app_category" WHERE "main_app_category"."id" = 2 LIMIT 21; args=(2,); alias=default
DEBUG 2025-03-17 09:49:24,639 utils (0.000) SELECT "main_app_category"."id", "main_app_category"."name" FROM "main_app_category" WHERE "main_app_category"."id" = 2 LIMIT 21; args=(2,); alias=default
DEBUG 2025-03-17 09:49:24,639 utils (0.000) SELECT "main_app_category"."id", "main_app_category"."name" FROM "main_app_category" WHERE "main_app_category"."id" = 2 LIMIT 21; args=(2,); alias=default
DEBUG 2025-03-17 09:49:24,640 utils (0.000) SELECT "main_app_category"."id", "main_app_category"."name" FROM "main_app_category" WHERE "main_app_category"."id" = 2 LIMIT 21; args=(2,); alias=default
DEBUG 2025-03-17 09:49:24,640 utils (0.000) SELECT "main_app_product"."id", "main_app_product"."name", "main_app_product"."description", "main_app_product"."price", "main_app_product"."category_id", "main_app_product"."is_available" FROM "main_app_product" WHERE "main_app_product"."is_available" LIMIT 21; args=(); alias=default
DEBUG 2025-03-17 09:49:24,641 utils (0.000) SELECT "main_app_category"."id", "main_app_category"."name" FROM "main_app_category" WHERE "main_app_category"."id" = 1 LIMIT 21; args=(1,); alias=default
DEBUG 2025-03-17 09:49:24,641 utils (0.000) SELECT "main_app_category"."id", "main_app_category"."name" FROM "main_app_category" WHERE "main_app_category"."id" = 1 LIMIT 21; args=(1,); alias=default
DEBUG 2025-03-17 09:49:24,641 utils (0.000) SELECT "main_app_category"."id", "main_app_category"."name" FROM "main_app_category" WHERE "main_app_category"."id" = 1 LIMIT 21; args=(1,); alias=default
DEBUG 2025-03-17 09:49:24,642 utils (0.000) SELECT "main_app_category"."id", "main_app_category"."name" FROM "main_app_category" WHERE "main_app_category"."id" = 1 LIMIT 21; args=(1,); alias=default
DEBUG 2025-03-17 09:49:24,642 utils (0.000) SELECT "main_app_category"."id", "main_app_category"."name" FROM "main_app_category" WHERE "main_app_category"."id" = 1 LIMIT 21; args=(1,); alias=default
DEBUG 2025-03-17 09:49:24,643 utils (0.000) SELECT "main_app_category"."id", "main_app_category"."name" FROM "main_app_category" WHERE "main_app_category"."id" = 2 LIMIT 21; args=(2,); alias=default
DEBUG 2025-03-17 09:49:24,643 utils (0.000) SELECT "main_app_category"."id", "main_app_category"."name" FROM "main_app_category" WHERE "main_app_category"."id" = 2 LIMIT 21; args=(2,); alias=default
DEBUG 2025-03-17 09:49:24,643 utils (0.000) SELECT "main_app_category"."id", "main_app_category"."name" FROM "main_app_category" WHERE "main_app_category"."id" = 2 LIMIT 21; args=(2,); alias=default
DEBUG 2025-03-17 09:49:24,644 utils (0.000) SELECT "main_app_category"."id", "main_app_category"."name" FROM "main_app_category" WHERE "main_app_category"."id" = 2 LIMIT 21; args=(2,); alias=default
DEBUG 2025-03-17 09:49:24,645 utils (0.001) SELECT "main_app_product"."id", "main_app_product"."name", "main_app_product"."description", "main_app_product"."price", "main_app_product"."category_id", "main_app_product"."is_available" FROM "main_app_product" INNER JOIN "main_app_category" ON ("main_app_product"."category_id" = "main_app_category"."id") WHERE ("main_app_category"."name" = 'Food' AND "main_app_product"."is_available") LIMIT 21; args=('Food',); alias=default
DEBUG 2025-03-17 09:49:24,646 utils (0.000) SELECT "main_app_category"."id", "main_app_category"."name" FROM "main_app_category" WHERE "main_app_category"."id" = 1 LIMIT 21; args=(1,); alias=default
DEBUG 2025-03-17 09:49:24,646 utils (0.000) SELECT "main_app_category"."id", "main_app_category"."name" FROM "main_app_category" WHERE "main_app_category"."id" = 1 LIMIT 21; args=(1,); alias=default
DEBUG 2025-03-17 09:49:24,647 utils (0.000) SELECT "main_app_category"."id", "main_app_category"."name" FROM "main_app_category" WHERE "main_app_category"."id" = 1 LIMIT 21; args=(1,); alias=default
DEBUG 2025-03-17 09:49:24,647 utils (0.000) SELECT "main_app_category"."id", "main_app_category"."name" FROM "main_app_category" WHERE "main_app_category"."id" = 1 LIMIT 21; args=(1,); alias=default
DEBUG 2025-03-17 09:49:24,647 utils (0.000) SELECT "main_app_category"."id", "main_app_category"."name" FROM "main_app_category" WHERE "main_app_category"."id" = 1 LIMIT 21; args=(1,); alias=default
DEBUG 2025-03-17 10:23:54,857 utils (0.001) SELECT "main_app_product"."name", "main_app_product"."price" FROM "main_app_product" LIMIT 21; args=(); alias=default
DEBUG 2025-03-17 10:24:55,148 utils (0.001) SELECT "main_app_product"."name", "main_app_product"."price" FROM "main_app_product" ORDER BY "main_app_product"."name" DESC LIMIT 21; args=(); alias=default
DEBUG 2025-03-17 10:27:06,493 utils (0.003) SELECT SUM("main_app_product"."price") AS "price__sum" FROM "main_app_product"; args=(); alias=default
DEBUG 2025-03-17 10:39:04,741 utils (0.003) SELECT "main_app_product"."id", "main_app_product"."name", "main_app_product"."description", "main_app_product"."price", "main_app_product"."category_id", "main_app_product"."is_available", SUM("main_app_orderproduct"."quantity") AS "total" FROM "main_app_product" LEFT OUTER JOIN "main_app_orderproduct" ON ("main_app_product"."id" = "main_app_orderproduct"."product_id") GROUP BY "main_app_product"."id" HAVING NOT (SUM("main_app_orderproduct"."quantity") IS NULL) ORDER BY 7 DESC; args=(); alias=default
DEBUG 2025-03-17 10:39:04,743 utils (0.001) SELECT "main_app_category"."id", "main_app_category"."name" FROM "main_app_category" WHERE "main_app_category"."id" = 1 LIMIT 21; args=(1,); alias=default
DEBUG 2025-03-17 10:39:04,743 utils (0.000) SELECT "main_app_category"."id", "main_app_category"."name" FROM "main_app_category" WHERE "main_app_category"."id" = 1 LIMIT 21; args=(1,); alias=default
DEBUG 2025-03-17 10:39:04,744 utils (0.000) SELECT "main_app_category"."id", "main_app_category"."name" FROM "main_app_category" WHERE "main_app_category"."id" = 2 LIMIT 21; args=(2,); alias=default
DEBUG 2025-03-17 10:39:04,744 utils (0.000) SELECT "main_app_category"."id", "main_app_category"."name" FROM "main_app_category" WHERE "main_app_category"."id" = 1 LIMIT 21; args=(1,); alias=default
DEBUG 2025-03-17 10:39:04,745 utils (0.000) SELECT "main_app_category"."id", "main_app_category"."name" FROM "main_app_category" WHERE "main_app_category"."id" = 2 LIMIT 21; args=(2,); alias=default
DEBUG 2025-03-17 10:39:04,745 utils (0.000) SELECT "main_app_category"."id", "main_app_category"."name" FROM "main_app_category" WHERE "main_app_category"."id" = 1 LIMIT 21; args=(1,); alias=default
DEBUG 2025-03-17 10:39:38,732 utils (0.003) SELECT "main_app_product"."id", "main_app_product"."name", "main_app_product"."description", "main_app_product"."price", "main_app_product"."category_id", "main_app_product"."is_available", SUM("main_app_orderproduct"."quantity") AS "total" FROM "main_app_product" LEFT OUTER JOIN "main_app_orderproduct" ON ("main_app_product"."id" = "main_app_orderproduct"."product_id") GROUP BY "main_app_product"."id" HAVING NOT (SUM("main_app_orderproduct"."quantity") IS NULL) ORDER BY 7 DESC; args=(); alias=default
DEBUG 2025-03-17 10:40:12,054 utils (0.002) SELECT "main_app_product"."id", "main_app_product"."name", "main_app_product"."description", "main_app_product"."price", "main_app_product"."category_id", "main_app_product"."is_available", SUM("main_app_orderproduct"."quantity") AS "total" FROM "main_app_product" LEFT OUTER JOIN "main_app_orderproduct" ON ("main_app_product"."id" = "main_app_orderproduct"."product_id") GROUP BY "main_app_product"."id" HAVING NOT (SUM("main_app_orderproduct"."quantity") IS NULL) ORDER BY 7 DESC; args=(); alias=default
DEBUG 2025-03-17 10:42:35,392 utils (0.002) SELECT "main_app_product"."name", SUM("main_app_orderproduct"."quantity") AS "total" FROM "main_app_product" LEFT OUTER JOIN "main_app_orderproduct" ON ("main_app_product"."id" = "main_app_orderproduct"."product_id") GROUP BY "main_app_product"."id" HAVING NOT (SUM("main_app_orderproduct"."quantity") IS NULL) ORDER BY 2 DESC; args=(); alias=default
DEBUG 2025-03-17 10:43:00,220 utils (0.002) SELECT "main_app_product"."name", SUM("main_app_orderproduct"."quantity") AS "total" FROM "main_app_product" LEFT OUTER JOIN "main_app_orderproduct" ON ("main_app_product"."id" = "main_app_orderproduct"."product_id") GROUP BY "main_app_product"."id" HAVING NOT (SUM("main_app_orderproduct"."quantity") IS NULL) ORDER BY 2 DESC LIMIT 21; args=(); alias=default
DEBUG 2025-03-17 10:43:22,248 utils (0.002) SELECT "main_app_product"."name", SUM("main_app_orderproduct"."quantity") AS "total" FROM "main_app_product" LEFT OUTER JOIN "main_app_orderproduct" ON ("main_app_product"."id" = "main_app_orderproduct"."product_id") GROUP BY "main_app_product"."id" HAVING NOT (SUM("main_app_orderproduct"."quantity") IS NULL) ORDER BY 2 DESC LIMIT 21; args=(); alias=default
DEBUG 2025-03-17 10:44:07,364 utils (0.003) SELECT "main_app_product"."name", SUM("main_app_orderproduct"."quantity") AS "total" FROM "main_app_product" LEFT OUTER JOIN "main_app_orderproduct" ON ("main_app_product"."id" = "main_app_orderproduct"."product_id") GROUP BY "main_app_product"."id" HAVING NOT (SUM("main_app_orderproduct"."quantity") IS NULL) ORDER BY 2 DESC; args=(); alias=default
DEBUG 2025-03-17 10:45:34,245 utils (0.002) SELECT "main_app_product"."name", SUM("main_app_orderproduct"."quantity") AS "total" FROM "main_app_product" LEFT OUTER JOIN "main_app_orderproduct" ON ("main_app_product"."id" = "main_app_orderproduct"."product_id") GROUP BY "main_app_product"."id" HAVING NOT (SUM("main_app_orderproduct"."quantity") IS NULL) ORDER BY 2 DESC; args=(); alias=default
DEBUG 2025-03-17 10:52:42,922 utils (0.002) SELECT "main_app_product"."name", SUM("main_app_orderproduct"."quantity") AS "total" FROM "main_app_product" LEFT OUTER JOIN "main_app_orderproduct" ON ("main_app_product"."id" = "main_app_orderproduct"."product_id") GROUP BY "main_app_product"."id" HAVING NOT (SUM("main_app_orderproduct"."quantity") IS NULL) ORDER BY 2 DESC; args=(); alias=default
DEBUG 2025-03-17 11:01:05,150 utils (0.003) SELECT "main_app_product"."name", SUM("main_app_orderproduct"."quantity") AS "total" FROM "main_app_product" LEFT OUTER JOIN "main_app_orderproduct" ON ("main_app_product"."id" = "main_app_orderproduct"."product_id") GROUP BY "main_app_product"."id" HAVING NOT (SUM("main_app_orderproduct"."quantity") IS NULL) ORDER BY 2 DESC; args=(); alias=default
DEBUG 2025-03-17 11:14:00,519 utils (0.002) SELECT "main_app_orderproduct"."id", "main_app_orderproduct"."order_id", "main_app_orderproduct"."product_id", "main_app_orderproduct"."quantity" FROM "main_app_orderproduct" ORDER BY "main_app_orderproduct"."order_id" ASC; args=(); alias=default
DEBUG 2025-03-17 11:14:25,232 utils (0.002) SELECT "main_app_orderproduct"."id", "main_app_orderproduct"."order_id", "main_app_orderproduct"."product_id", "main_app_orderproduct"."quantity" FROM "main_app_orderproduct" ORDER BY "main_app_orderproduct"."order_id" ASC; args=(); alias=default
DEBUG 2025-03-17 11:14:25,234 utils (0.001) SELECT "main_app_order"."id", "main_app_order"."customer_id" FROM "main_app_order" WHERE "main_app_order"."id" IN (1, 2, 3); args=(1, 2, 3); alias=default
DEBUG 2025-03-17 11:14:25,237 utils (0.003) SELECT "main_app_customer"."id", "main_app_customer"."username" FROM "main_app_customer" WHERE "main_app_customer"."id" IN (1, 3); args=(1, 3); alias=default
DEBUG 2025-03-17 11:14:25,238 utils (0.000) SELECT "main_app_order"."id", "main_app_order"."customer_id" FROM "main_app_order" WHERE "main_app_order"."customer_id" IN (1, 3); args=(1, 3); alias=default
DEBUG 2025-03-17 11:15:04,221 utils (0.002) SELECT "main_app_orderproduct"."id", "main_app_orderproduct"."order_id", "main_app_orderproduct"."product_id", "main_app_orderproduct"."quantity" FROM "main_app_orderproduct" ORDER BY "main_app_orderproduct"."order_id" ASC; args=(); alias=default
DEBUG 2025-03-17 11:15:04,224 utils (0.001) SELECT "main_app_order"."id", "main_app_order"."customer_id" FROM "main_app_order" WHERE "main_app_order"."id" IN (1, 2, 3); args=(1, 2, 3); alias=default
DEBUG 2025-03-17 11:15:04,226 utils (0.001) SELECT "main_app_customer"."id", "main_app_customer"."username" FROM "main_app_customer" WHERE "main_app_customer"."id" IN (1, 3); args=(1, 3); alias=default
DEBUG 2025-03-17 11:15:04,227 utils (0.000) SELECT "main_app_order"."id", "main_app_order"."customer_id" FROM "main_app_order" WHERE "main_app_order"."customer_id" IN (1, 3); args=(1, 3); alias=default
DEBUG 2025-03-17 11:15:36,927 utils (0.001) SELECT "main_app_orderproduct"."id", "main_app_orderproduct"."order_id", "main_app_orderproduct"."product_id", "main_app_orderproduct"."quantity" FROM "main_app_orderproduct" ORDER BY "main_app_orderproduct"."order_id" ASC; args=(); alias=default
DEBUG 2025-03-17 11:15:36,930 utils (0.001) SELECT "main_app_order"."id", "main_app_order"."customer_id" FROM "main_app_order" WHERE "main_app_order"."id" IN (1, 2, 3); args=(1, 2, 3); alias=default
DEBUG 2025-03-17 11:15:36,931 utils (0.001) SELECT "main_app_customer"."id", "main_app_customer"."username" FROM "main_app_customer" WHERE "main_app_customer"."id" IN (1, 3); args=(1, 3); alias=default
DEBUG 2025-03-17 11:15:36,932 utils (0.000) SELECT "main_app_order"."id", "main_app_order"."customer_id" FROM "main_app_order" WHERE "main_app_order"."customer_id" IN (1, 3); args=(1, 3); alias=default
DEBUG 2025-03-17 11:17:56,185 utils (0.001) SELECT "main_app_orderproduct"."id", "main_app_orderproduct"."order_id", "main_app_orderproduct"."product_id", "main_app_orderproduct"."quantity" FROM "main_app_orderproduct" ORDER BY "main_app_orderproduct"."order_id" ASC; args=(); alias=default
DEBUG 2025-03-17 11:17:56,187 utils (0.001) SELECT "main_app_order"."id", "main_app_order"."customer_id" FROM "main_app_order" WHERE "main_app_order"."id" IN (1, 2, 3); args=(1, 2, 3); alias=default
DEBUG 2025-03-17 11:17:56,189 utils (0.001) SELECT "main_app_customer"."id", "main_app_customer"."username" FROM "main_app_customer" WHERE "main_app_customer"."id" IN (1, 3); args=(1, 3); alias=default
DEBUG 2025-03-17 11:17:56,190 utils (0.000) SELECT "main_app_order"."id", "main_app_order"."customer_id" FROM "main_app_order" WHERE "main_app_order"."customer_id" IN (1, 3); args=(1, 3); alias=default
DEBUG 2025-03-17 11:18:41,882 utils (0.001) SELECT "main_app_orderproduct"."id", "main_app_orderproduct"."order_id", "main_app_orderproduct"."product_id", "main_app_orderproduct"."quantity" FROM "main_app_orderproduct" ORDER BY "main_app_orderproduct"."order_id" ASC; args=(); alias=default
DEBUG 2025-03-17 11:20:46,240 utils (0.001) SELECT "main_app_order"."id", "main_app_order"."customer_id" FROM "main_app_order" ORDER BY "main_app_order"."id" ASC; args=(); alias=default
DEBUG 2025-03-17 11:20:46,243 utils (0.001) SELECT "main_app_orderproduct"."id", "main_app_orderproduct"."order_id", "main_app_orderproduct"."product_id", "main_app_orderproduct"."quantity" FROM "main_app_orderproduct" WHERE "main_app_orderproduct"."order_id" IN (1, 2, 3); args=(1, 2, 3); alias=default
DEBUG 2025-03-17 11:20:46,244 utils (0.001) SELECT "main_app_customer"."id", "main_app_customer"."username" FROM "main_app_customer" WHERE "main_app_customer"."id" = 1 LIMIT 21; args=(1,); alias=default
DEBUG 2025-03-17 11:20:46,245 utils (0.000) SELECT "main_app_customer"."id", "main_app_customer"."username" FROM "main_app_customer" WHERE "main_app_customer"."id" = 3 LIMIT 21; args=(3,); alias=default
DEBUG 2025-03-17 11:20:46,245 utils (0.000) SELECT "main_app_customer"."id", "main_app_customer"."username" FROM "main_app_customer" WHERE "main_app_customer"."id" = 1 LIMIT 21; args=(1,); alias=default
DEBUG 2025-03-17 11:21:11,511 utils (0.001) SELECT "main_app_order"."id", "main_app_order"."customer_id" FROM "main_app_order" ORDER BY "main_app_order"."id" ASC; args=(); alias=default
DEBUG 2025-03-17 11:21:11,514 utils (0.001) SELECT "main_app_orderproduct"."id", "main_app_orderproduct"."order_id", "main_app_orderproduct"."product_id", "main_app_orderproduct"."quantity" FROM "main_app_orderproduct" WHERE "main_app_orderproduct"."order_id" IN (1, 2, 3); args=(1, 2, 3); alias=default
DEBUG 2025-03-17 11:21:11,515 utils (0.001) SELECT "main_app_customer"."id", "main_app_customer"."username" FROM "main_app_customer" WHERE "main_app_customer"."id" = 1 LIMIT 21; args=(1,); alias=default
DEBUG 2025-03-17 11:21:11,516 utils (0.000) SELECT "main_app_customer"."id", "main_app_customer"."username" FROM "main_app_customer" WHERE "main_app_customer"."id" = 3 LIMIT 21; args=(3,); alias=default
DEBUG 2025-03-17 11:21:11,516 utils (0.000) SELECT "main_app_customer"."id", "main_app_customer"."username" FROM "main_app_customer" WHERE "main_app_customer"."id" = 1 LIMIT 21; args=(1,); alias=default
DEBUG 2025-03-17 11:36:09,023 utils (0.001) SELECT "main_app_order"."id", "main_app_order"."customer_id" FROM "main_app_order" ORDER BY "main_app_order"."id" ASC; args=(); alias=default
DEBUG 2025-03-17 11:36:09,026 utils (0.001) SELECT "main_app_orderproduct"."id", "main_app_orderproduct"."order_id", "main_app_orderproduct"."product_id", "main_app_orderproduct"."quantity" FROM "main_app_orderproduct" WHERE "main_app_orderproduct"."order_id" IN (1, 2, 3); args=(1, 2, 3); alias=default
DEBUG 2025-03-17 11:36:09,027 utils (0.001) SELECT "main_app_customer"."id", "main_app_customer"."username" FROM "main_app_customer" WHERE "main_app_customer"."id" = 1 LIMIT 21; args=(1,); alias=default
DEBUG 2025-03-17 11:43:08,464 utils (0.001) SELECT "main_app_order"."id", "main_app_order"."customer_id" FROM "main_app_order" ORDER BY "main_app_order"."id" ASC; args=(); alias=default
DEBUG 2025-03-17 11:43:08,466 utils (0.001) SELECT "main_app_orderproduct"."id", "main_app_orderproduct"."order_id", "main_app_orderproduct"."product_id", "main_app_orderproduct"."quantity" FROM "main_app_orderproduct" WHERE "main_app_orderproduct"."order_id" IN (1, 2, 3); args=(1, 2, 3); alias=default
DEBUG 2025-03-17 11:43:08,468 utils (0.001) SELECT "main_app_customer"."id", "main_app_customer"."username" FROM "main_app_customer" WHERE "main_app_customer"."id" = 1 LIMIT 21; args=(1,); alias=default
DEBUG 2025-03-17 11:43:08,469 utils (0.001) SELECT "main_app_product"."id", "main_app_product"."name", "main_app_product"."description", "main_app_product"."price", "main_app_product"."category_id", "main_app_product"."is_available" FROM "main_app_product" WHERE "main_app_product"."id" = 3 LIMIT 21; args=(3,); alias=default
DEBUG 2025-03-17 11:44:51,608 utils (0.001) SELECT "main_app_order"."id", "main_app_order"."customer_id" FROM "main_app_order" ORDER BY "main_app_order"."id" ASC; args=(); alias=default
DEBUG 2025-03-17 11:44:51,610 utils (0.001) SELECT "main_app_orderproduct"."id", "main_app_orderproduct"."order_id", "main_app_orderproduct"."product_id", "main_app_orderproduct"."quantity" FROM "main_app_orderproduct" WHERE "main_app_orderproduct"."order_id" IN (1, 2, 3); args=(1, 2, 3); alias=default
DEBUG 2025-03-17 11:44:51,612 utils (0.001) SELECT "main_app_customer"."id", "main_app_customer"."username" FROM "main_app_customer" WHERE "main_app_customer"."id" = 1 LIMIT 21; args=(1,); alias=default
DEBUG 2025-03-17 11:44:51,614 utils (0.001) SELECT "main_app_product"."id", "main_app_product"."name", "main_app_product"."description", "main_app_product"."price", "main_app_product"."category_id", "main_app_product"."is_available" FROM "main_app_product" WHERE "main_app_product"."id" = 3 LIMIT 21; args=(3,); alias=default
DEBUG 2025-03-17 11:46:57,131 utils (0.001) SELECT "main_app_order"."id", "main_app_order"."customer_id" FROM "main_app_order" ORDER BY "main_app_order"."id" ASC; args=(); alias=default
DEBUG 2025-03-17 11:46:57,134 utils (0.001) SELECT "main_app_orderproduct"."id", "main_app_orderproduct"."order_id", "main_app_orderproduct"."product_id", "main_app_orderproduct"."quantity" FROM "main_app_orderproduct" WHERE "main_app_orderproduct"."order_id" IN (1, 2, 3); args=(1, 2, 3); alias=default
DEBUG 2025-03-17 11:46:57,135 utils (0.001) SELECT "main_app_customer"."id", "main_app_customer"."username" FROM "main_app_customer" WHERE "main_app_customer"."id" = 1 LIMIT 21; args=(1,); alias=default
DEBUG 2025-03-17 11:46:57,136 utils (0.000) SELECT "main_app_customer"."id", "main_app_customer"."username" FROM "main_app_customer" WHERE "main_app_customer"."id" = 3 LIMIT 21; args=(3,); alias=default
DEBUG 2025-03-17 11:46:57,136 utils (0.000) SELECT "main_app_customer"."id", "main_app_customer"."username" FROM "main_app_customer" WHERE "main_app_customer"."id" = 1 LIMIT 21; args=(1,); alias=default
DEBUG 2025-03-17 11:48:25,528 utils (0.001) SELECT "main_app_order"."id", "main_app_order"."customer_id" FROM "main_app_order" ORDER BY "main_app_order"."id" ASC; args=(); alias=default
DEBUG 2025-03-17 11:48:25,531 utils (0.002) SELECT "main_app_orderproduct"."id", "main_app_orderproduct"."order_id", "main_app_orderproduct"."product_id", "main_app_orderproduct"."quantity" FROM "main_app_orderproduct" WHERE "main_app_orderproduct"."order_id" IN (1, 2, 3); args=(1, 2, 3); alias=default
DEBUG 2025-03-17 11:48:25,533 utils (0.001) SELECT "main_app_customer"."id", "main_app_customer"."username" FROM "main_app_customer" WHERE "main_app_customer"."id" = 1 LIMIT 21; args=(1,); alias=default
DEBUG 2025-03-17 11:48:25,535 utils (0.001) SELECT "main_app_product"."id", "main_app_product"."name", "main_app_product"."description", "main_app_product"."price", "main_app_product"."category_id", "main_app_product"."is_available" FROM "main_app_product" WHERE "main_app_product"."id" = 3 LIMIT 21; args=(3,); alias=default
DEBUG 2025-03-17 11:48:25,536 utils (0.001) SELECT "main_app_category"."id", "main_app_category"."name" FROM "main_app_category" WHERE "main_app_category"."id" = 1 LIMIT 21; args=(1,); alias=default
DEBUG 2025-03-17 11:48:25,537 utils (0.000) SELECT "main_app_product"."id", "main_app_product"."name", "main_app_product"."description", "main_app_product"."price", "main_app_product"."category_id", "main_app_product"."is_available" FROM "main_app_product" WHERE "main_app_product"."id" = 6 LIMIT 21; args=(6,); alias=default
DEBUG 2025-03-17 11:48:25,537 utils (0.000) SELECT "main_app_category"."id", "main_app_category"."name" FROM "main_app_category" WHERE "main_app_category"."id" = 1 LIMIT 21; args=(1,); alias=default
DEBUG 2025-03-17 11:48:25,537 utils (0.000) SELECT "main_app_product"."id", "main_app_product"."name", "main_app_product"."description", "main_app_product"."price", "main_app_product"."category_id", "main_app_product"."is_available" FROM "main_app_product" WHERE "main_app_product"."id" = 7 LIMIT 21; args=(7,); alias=default
DEBUG 2025-03-17 11:48:25,538 utils (0.000) SELECT "main_app_category"."id", "main_app_category"."name" FROM "main_app_category" WHERE "main_app_category"."id" = 1 LIMIT 21; args=(1,); alias=default
DEBUG 2025-03-17 11:48:25,538 utils (0.000) SELECT "main_app_product"."id", "main_app_product"."name", "main_app_product"."description", "main_app_product"."price", "main_app_product"."category_id", "main_app_product"."is_available" FROM "main_app_product" WHERE "main_app_product"."id" = 13 LIMIT 21; args=(13,); alias=default
DEBUG 2025-03-17 11:48:25,539 utils (0.000) SELECT "main_app_category"."id", "main_app_category"."name" FROM "main_app_category" WHERE "main_app_category"."id" = 2 LIMIT 21; args=(2,); alias=default
DEBUG 2025-03-17 11:48:25,539 utils (0.000) SELECT "main_app_customer"."id", "main_app_customer"."username" FROM "main_app_customer" WHERE "main_app_customer"."id" = 3 LIMIT 21; args=(3,); alias=default
DEBUG 2025-03-17 11:48:25,540 utils (0.000) SELECT "main_app_product"."id", "main_app_product"."name", "main_app_product"."description", "main_app_product"."price", "main_app_product"."category_id", "main_app_product"."is_available" FROM "main_app_product" WHERE "main_app_product"."id" = 3 LIMIT 21; args=(3,); alias=default
DEBUG 2025-03-17 11:48:25,540 utils (0.000) SELECT "main_app_category"."id", "main_app_category"."name" FROM "main_app_category" WHERE "main_app_category"."id" = 1 LIMIT 21; args=(1,); alias=default
DEBUG 2025-03-17 11:48:25,540 utils (0.000) SELECT "main_app_product"."id", "main_app_product"."name", "main_app_product"."description", "main_app_product"."price", "main_app_product"."category_id", "main_app_product"."is_available" FROM "main_app_product" WHERE "main_app_product"."id" = 9 LIMIT 21; args=(9,); alias=default
DEBUG 2025-03-17 11:48:25,541 utils (0.000) SELECT "main_app_category"."id", "main_app_category"."name" FROM "main_app_category" WHERE "main_app_category"."id" = 1 LIMIT 21; args=(1,); alias=default
DEBUG 2025-03-17 11:48:25,541 utils (0.000) SELECT "main_app_customer"."id", "main_app_customer"."username" FROM "main_app_customer" WHERE "main_app_customer"."id" = 1 LIMIT 21; args=(1,); alias=default
DEBUG 2025-03-17 11:48:25,542 utils (0.000) SELECT "main_app_product"."id", "main_app_product"."name", "main_app_product"."description", "main_app_product"."price", "main_app_product"."category_id", "main_app_product"."is_available" FROM "main_app_product" WHERE "main_app_product"."id" = 12 LIMIT 21; args=(12,); alias=default
DEBUG 2025-03-17 11:48:25,542 utils (0.000) SELECT "main_app_category"."id", "main_app_category"."name" FROM "main_app_category" WHERE "main_app_category"."id" = 2 LIMIT 21; args=(2,); alias=default
DEBUG 2025-03-17 11:48:25,543 utils (0.000) SELECT "main_app_product"."id", "main_app_product"."name", "main_app_product"."description", "main_app_product"."price", "main_app_product"."category_id", "main_app_product"."is_available" FROM "main_app_product" WHERE "main_app_product"."id" = 7 LIMIT 21; args=(7,); alias=default
DEBUG 2025-03-17 11:48:25,543 utils (0.000) SELECT "main_app_category"."id", "main_app_category"."name" FROM "main_app_category" WHERE "main_app_category"."id" = 1 LIMIT 21; args=(1,); alias=default
DEBUG 2025-03-17 11:49:01,723 utils (0.001) SELECT "main_app_order"."id", "main_app_order"."customer_id" FROM "main_app_order" ORDER BY "main_app_order"."id" ASC; args=(); alias=default
DEBUG 2025-03-17 11:49:01,726 utils (0.001) SELECT "main_app_orderproduct"."id", "main_app_orderproduct"."order_id", "main_app_orderproduct"."product_id", "main_app_orderproduct"."quantity" FROM "main_app_orderproduct" WHERE "main_app_orderproduct"."order_id" IN (1, 2, 3); args=(1, 2, 3); alias=default
DEBUG 2025-03-17 11:49:01,728 utils (0.001) SELECT "main_app_customer"."id", "main_app_customer"."username" FROM "main_app_customer" WHERE "main_app_customer"."id" = 1 LIMIT 21; args=(1,); alias=default
DEBUG 2025-03-17 11:49:01,729 utils (0.001) SELECT "main_app_product"."id", "main_app_product"."name", "main_app_product"."description", "main_app_product"."price", "main_app_product"."category_id", "main_app_product"."is_available" FROM "main_app_product" WHERE "main_app_product"."id" = 3 LIMIT 21; args=(3,); alias=default
DEBUG 2025-03-17 11:49:01,730 utils (0.001) SELECT "main_app_category"."id", "main_app_category"."name" FROM "main_app_category" WHERE "main_app_category"."id" = 1 LIMIT 21; args=(1,); alias=default
DEBUG 2025-03-17 11:49:01,730 utils (0.000) SELECT "main_app_product"."id", "main_app_product"."name", "main_app_product"."description", "main_app_product"."price", "main_app_product"."category_id", "main_app_product"."is_available" FROM "main_app_product" WHERE "main_app_product"."id" = 6 LIMIT 21; args=(6,); alias=default
DEBUG 2025-03-17 11:49:01,731 utils (0.000) SELECT "main_app_category"."id", "main_app_category"."name" FROM "main_app_category" WHERE "main_app_category"."id" = 1 LIMIT 21; args=(1,); alias=default
DEBUG 2025-03-17 11:49:01,731 utils (0.000) SELECT "main_app_product"."id", "main_app_product"."name", "main_app_product"."description", "main_app_product"."price", "main_app_product"."category_id", "main_app_product"."is_available" FROM "main_app_product" WHERE "main_app_product"."id" = 7 LIMIT 21; args=(7,); alias=default
DEBUG 2025-03-17 11:49:01,732 utils (0.000) SELECT "main_app_category"."id", "main_app_category"."name" FROM "main_app_category" WHERE "main_app_category"."id" = 1 LIMIT 21; args=(1,); alias=default
DEBUG 2025-03-17 11:49:01,732 utils (0.000) SELECT "main_app_product"."id", "main_app_product"."name", "main_app_product"."description", "main_app_product"."price", "main_app_product"."category_id", "main_app_product"."is_available" FROM "main_app_product" WHERE "main_app_product"."id" = 13 LIMIT 21; args=(13,); alias=default
DEBUG 2025-03-17 11:49:01,733 utils (0.000) SELECT "main_app_category"."id", "main_app_category"."name" FROM "main_app_category" WHERE "main_app_category"."id" = 2 LIMIT 21; args=(2,); alias=default
DEBUG 2025-03-17 11:49:01,733 utils (0.000) SELECT "main_app_customer"."id", "main_app_customer"."username" FROM "main_app_customer" WHERE "main_app_customer"."id" = 3 LIMIT 21; args=(3,); alias=default
DEBUG 2025-03-17 11:49:01,734 utils (0.000) SELECT "main_app_product"."id", "main_app_product"."name", "main_app_product"."description", "main_app_product"."price", "main_app_product"."category_id", "main_app_product"."is_available" FROM "main_app_product" WHERE "main_app_product"."id" = 3 LIMIT 21; args=(3,); alias=default
DEBUG 2025-03-17 11:49:01,734 utils (0.000) SELECT "main_app_category"."id", "main_app_category"."name" FROM "main_app_category" WHERE "main_app_category"."id" = 1 LIMIT 21; args=(1,); alias=default
DEBUG 2025-03-17 11:49:01,734 utils (0.000) SELECT "main_app_product"."id", "main_app_product"."name", "main_app_product"."description", "main_app_product"."price", "main_app_product"."category_id", "main_app_product"."is_available" FROM "main_app_product" WHERE "main_app_product"."id" = 9 LIMIT 21; args=(9,); alias=default
DEBUG 2025-03-17 11:49:01,735 utils (0.000) SELECT "main_app_category"."id", "main_app_category"."name" FROM "main_app_category" WHERE "main_app_category"."id" = 1 LIMIT 21; args=(1,); alias=default
DEBUG 2025-03-17 11:49:01,735 utils (0.000) SELECT "main_app_customer"."id", "main_app_customer"."username" FROM "main_app_customer" WHERE "main_app_customer"."id" = 1 LIMIT 21; args=(1,); alias=default
DEBUG 2025-03-17 11:49:01,736 utils (0.000) SELECT "main_app_product"."id", "main_app_product"."name", "main_app_product"."description", "main_app_product"."price", "main_app_product"."category_id", "main_app_product"."is_available" FROM "main_app_product" WHERE "main_app_product"."id" = 12 LIMIT 21; args=(12,); alias=default
DEBUG 2025-03-17 11:49:01,736 utils (0.000) SELECT "main_app_category"."id", "main_app_category"."name" FROM "main_app_category" WHERE "main_app_category"."id" = 2 LIMIT 21; args=(2,); alias=default
DEBUG 2025-03-17 11:49:01,736 utils (0.000) SELECT "main_app_product"."id", "main_app_product"."name", "main_app_product"."description", "main_app_product"."price", "main_app_product"."category_id", "main_app_product"."is_available" FROM "main_app_product" WHERE "main_app_product"."id" = 7 LIMIT 21; args=(7,); alias=default
DEBUG 2025-03-17 11:49:01,737 utils (0.000) SELECT "main_app_category"."id", "main_app_category"."name" FROM "main_app_category" WHERE "main_app_category"."id" = 1 LIMIT 21; args=(1,); alias=default
DEBUG 2025-03-17 11:49:20,820 utils (0.001) SELECT "main_app_order"."id", "main_app_order"."customer_id" FROM "main_app_order" ORDER BY "main_app_order"."id" ASC; args=(); alias=default
DEBUG 2025-03-17 11:49:20,823 utils (0.001) SELECT "main_app_orderproduct"."id", "main_app_orderproduct"."order_id", "main_app_orderproduct"."product_id", "main_app_orderproduct"."quantity" FROM "main_app_orderproduct" WHERE "main_app_orderproduct"."order_id" IN (1, 2, 3); args=(1, 2, 3); alias=default
DEBUG 2025-03-17 11:49:20,824 utils (0.001) SELECT "main_app_customer"."id", "main_app_customer"."username" FROM "main_app_customer" WHERE "main_app_customer"."id" = 1 LIMIT 21; args=(1,); alias=default
DEBUG 2025-03-17 11:49:20,826 utils (0.001) SELECT "main_app_product"."id", "main_app_product"."name", "main_app_product"."description", "main_app_product"."price", "main_app_product"."category_id", "main_app_product"."is_available" FROM "main_app_product" WHERE "main_app_product"."id" = 3 LIMIT 21; args=(3,); alias=default
DEBUG 2025-03-17 11:49:20,827 utils (0.001) SELECT "main_app_category"."id", "main_app_category"."name" FROM "main_app_category" WHERE "main_app_category"."id" = 1 LIMIT 21; args=(1,); alias=default
DEBUG 2025-03-17 11:49:20,827 utils (0.000) SELECT "main_app_product"."id", "main_app_product"."name", "main_app_product"."description", "main_app_product"."price", "main_app_product"."category_id", "main_app_product"."is_available" FROM "main_app_product" WHERE "main_app_product"."id" = 6 LIMIT 21; args=(6,); alias=default
DEBUG 2025-03-17 11:49:20,828 utils (0.000) SELECT "main_app_category"."id", "main_app_category"."name" FROM "main_app_category" WHERE "main_app_category"."id" = 1 LIMIT 21; args=(1,); alias=default
DEBUG 2025-03-17 11:49:20,829 utils (0.000) SELECT "main_app_product"."id", "main_app_product"."name", "main_app_product"."description", "main_app_product"."price", "main_app_product"."category_id", "main_app_product"."is_available" FROM "main_app_product" WHERE "main_app_product"."id" = 7 LIMIT 21; args=(7,); alias=default
DEBUG 2025-03-17 11:49:20,829 utils (0.000) SELECT "main_app_category"."id", "main_app_category"."name" FROM "main_app_category" WHERE "main_app_category"."id" = 1 LIMIT 21; args=(1,); alias=default
DEBUG 2025-03-17 11:49:20,830 utils (0.000) SELECT "main_app_product"."id", "main_app_product"."name", "main_app_product"."description", "main_app_product"."price", "main_app_product"."category_id", "main_app_product"."is_available" FROM "main_app_product" WHERE "main_app_product"."id" = 13 LIMIT 21; args=(13,); alias=default
DEBUG 2025-03-17 11:49:20,830 utils (0.000) SELECT "main_app_category"."id", "main_app_category"."name" FROM "main_app_category" WHERE "main_app_category"."id" = 2 LIMIT 21; args=(2,); alias=default
DEBUG 2025-03-17 11:49:20,831 utils (0.000) SELECT "main_app_customer"."id", "main_app_customer"."username" FROM "main_app_customer" WHERE "main_app_customer"."id" = 3 LIMIT 21; args=(3,); alias=default
DEBUG 2025-03-17 11:49:20,831 utils (0.000) SELECT "main_app_product"."id", "main_app_product"."name", "main_app_product"."description", "main_app_product"."price", "main_app_product"."category_id", "main_app_product"."is_available" FROM "main_app_product" WHERE "main_app_product"."id" = 3 LIMIT 21; args=(3,); alias=default
DEBUG 2025-03-17 11:49:20,832 utils (0.000) SELECT "main_app_category"."id", "main_app_category"."name" FROM "main_app_category" WHERE "main_app_category"."id" = 1 LIMIT 21; args=(1,); alias=default
DEBUG 2025-03-17 11:49:20,832 utils (0.000) SELECT "main_app_product"."id", "main_app_product"."name", "main_app_product"."description", "main_app_product"."price", "main_app_product"."category_id", "main_app_product"."is_available" FROM "main_app_product" WHERE "main_app_product"."id" = 9 LIMIT 21; args=(9,); alias=default
DEBUG 2025-03-17 11:49:20,832 utils (0.000) SELECT "main_app_category"."id", "main_app_category"."name" FROM "main_app_category" WHERE "main_app_category"."id" = 1 LIMIT 21; args=(1,); alias=default
DEBUG 2025-03-17 11:49:20,833 utils (0.000) SELECT "main_app_customer"."id", "main_app_customer"."username" FROM "main_app_customer" WHERE "main_app_customer"."id" = 1 LIMIT 21; args=(1,); alias=default
DEBUG 2025-03-17 11:49:20,833 utils (0.000) SELECT "main_app_product"."id", "main_app_product"."name", "main_app_product"."description", "main_app_product"."price", "main_app_product"."category_id", "main_app_product"."is_available" FROM "main_app_product" WHERE "main_app_product"."id" = 12 LIMIT 21; args=(12,); alias=default
DEBUG 2025-03-17 11:49:20,834 utils (0.000) SELECT "main_app_category"."id", "main_app_category"."name" FROM "main_app_category" WHERE "main_app_category"."id" = 2 LIMIT 21; args=(2,); alias=default
DEBUG 2025-03-17 11:49:20,834 utils (0.000) SELECT "main_app_product"."id", "main_app_product"."name", "main_app_product"."description", "main_app_product"."price", "main_app_product"."category_id", "main_app_product"."is_available" FROM "main_app_product" WHERE "main_app_product"."id" = 7 LIMIT 21; args=(7,); alias=default
DEBUG 2025-03-17 11:49:20,835 utils (0.000) SELECT "main_app_category"."id", "main_app_category"."name" FROM "main_app_category" WHERE "main_app_category"."id" = 1 LIMIT 21; args=(1,); alias=default
DEBUG 2025-03-17 11:49:52,603 utils (0.001) SELECT "main_app_order"."id", "main_app_order"."customer_id" FROM "main_app_order" ORDER BY "main_app_order"."id" ASC; args=(); alias=default
DEBUG 2025-03-17 11:49:52,606 utils (0.001) SELECT "main_app_orderproduct"."id", "main_app_orderproduct"."order_id", "main_app_orderproduct"."product_id", "main_app_orderproduct"."quantity" FROM "main_app_orderproduct" WHERE "main_app_orderproduct"."order_id" IN (1, 2, 3); args=(1, 2, 3); alias=default
DEBUG 2025-03-17 11:49:52,608 utils (0.001) SELECT "main_app_customer"."id", "main_app_customer"."username" FROM "main_app_customer" WHERE "main_app_customer"."id" = 1 LIMIT 21; args=(1,); alias=default
DEBUG 2025-03-17 11:49:52,610 utils (0.001) SELECT "main_app_product"."id", "main_app_product"."name", "main_app_product"."description", "main_app_product"."price", "main_app_product"."category_id", "main_app_product"."is_available" FROM "main_app_product" WHERE "main_app_product"."id" = 3 LIMIT 21; args=(3,); alias=default
DEBUG 2025-03-17 11:49:52,611 utils (0.001) SELECT "main_app_category"."id", "main_app_category"."name" FROM "main_app_category" WHERE "main_app_category"."id" = 1 LIMIT 21; args=(1,); alias=default
DEBUG 2025-03-17 11:49:52,611 utils (0.000) SELECT "main_app_product"."id", "main_app_product"."name", "main_app_product"."description", "main_app_product"."price", "main_app_product"."category_id", "main_app_product"."is_available" FROM "main_app_product" WHERE "main_app_product"."id" = 6 LIMIT 21; args=(6,); alias=default
DEBUG 2025-03-17 11:49:52,612 utils (0.000) SELECT "main_app_category"."id", "main_app_category"."name" FROM "main_app_category" WHERE "main_app_category"."id" = 1 LIMIT 21; args=(1,); alias=default
DEBUG 2025-03-17 11:49:52,612 utils (0.000) SELECT "main_app_product"."id", "main_app_product"."name", "main_app_product"."description", "main_app_product"."price", "main_app_product"."category_id", "main_app_product"."is_available" FROM "main_app_product" WHERE "main_app_product"."id" = 7 LIMIT 21; args=(7,); alias=default
DEBUG 2025-03-17 11:49:52,612 utils (0.000) SELECT "main_app_category"."id", "main_app_category"."name" FROM "main_app_category" WHERE "main_app_category"."id" = 1 LIMIT 21; args=(1,); alias=default
DEBUG 2025-03-17 11:49:52,613 utils (0.000) SELECT "main_app_product"."id", "main_app_product"."name", "main_app_product"."description", "main_app_product"."price", "main_app_product"."category_id", "main_app_product"."is_available" FROM "main_app_product" WHERE "main_app_product"."id" = 13 LIMIT 21; args=(13,); alias=default
DEBUG 2025-03-17 11:49:52,613 utils (0.000) SELECT "main_app_category"."id", "main_app_category"."name" FROM "main_app_category" WHERE "main_app_category"."id" = 2 LIMIT 21; args=(2,); alias=default
DEBUG 2025-03-17 11:49:52,614 utils (0.000) SELECT "main_app_customer"."id", "main_app_customer"."username" FROM "main_app_customer" WHERE "main_app_customer"."id" = 3 LIMIT 21; args=(3,); alias=default
DEBUG 2025-03-17 11:49:52,614 utils (0.000) SELECT "main_app_product"."id", "main_app_product"."name", "main_app_product"."description", "main_app_product"."price", "main_app_product"."category_id", "main_app_product"."is_available" FROM "main_app_product" WHERE "main_app_product"."id" = 3 LIMIT 21; args=(3,); alias=default
DEBUG 2025-03-17 11:49:52,615 utils (0.000) SELECT "main_app_category"."id", "main_app_category"."name" FROM "main_app_category" WHERE "main_app_category"."id" = 1 LIMIT 21; args=(1,); alias=default
DEBUG 2025-03-17 11:49:52,615 utils (0.000) SELECT "main_app_product"."id", "main_app_product"."name", "main_app_product"."description", "main_app_product"."price", "main_app_product"."category_id", "main_app_product"."is_available" FROM "main_app_product" WHERE "main_app_product"."id" = 9 LIMIT 21; args=(9,); alias=default
DEBUG 2025-03-17 11:49:52,615 utils (0.000) SELECT "main_app_category"."id", "main_app_category"."name" FROM "main_app_category" WHERE "main_app_category"."id" = 1 LIMIT 21; args=(1,); alias=default
DEBUG 2025-03-17 11:49:52,616 utils (0.000) SELECT "main_app_customer"."id", "main_app_customer"."username" FROM "main_app_customer" WHERE "main_app_customer"."id" = 1 LIMIT 21; args=(1,); alias=default
DEBUG 2025-03-17 11:49:52,616 utils (0.000) SELECT "main_app_product"."id", "main_app_product"."name", "main_app_product"."description", "main_app_product"."price", "main_app_product"."category_id", "main_app_product"."is_available" FROM "main_app_product" WHERE "main_app_product"."id" = 12 LIMIT 21; args=(12,); alias=default
DEBUG 2025-03-17 11:49:52,617 utils (0.000) SELECT "main_app_category"."id", "main_app_category"."name" FROM "main_app_category" WHERE "main_app_category"."id" = 2 LIMIT 21; args=(2,); alias=default
DEBUG 2025-03-17 11:49:52,617 utils (0.000) SELECT "main_app_product"."id", "main_app_product"."name", "main_app_product"."description", "main_app_product"."price", "main_app_product"."category_id", "main_app_product"."is_available" FROM "main_app_product" WHERE "main_app_product"."id" = 7 LIMIT 21; args=(7,); alias=default
DEBUG 2025-03-17 11:49:52,618 utils (0.000) SELECT "main_app_category"."id", "main_app_category"."name" FROM "main_app_category" WHERE "main_app_category"."id" = 1 LIMIT 21; args=(1,); alias=default
DEBUG 2025-03-17 11:51:12,597 utils (0.001) SELECT "main_app_order"."id", "main_app_order"."customer_id" FROM "main_app_order" ORDER BY "main_app_order"."id" ASC; args=(); alias=default
DEBUG 2025-03-17 11:51:12,599 utils (0.001) SELECT "main_app_orderproduct"."id", "main_app_orderproduct"."order_id", "main_app_orderproduct"."product_id", "main_app_orderproduct"."quantity" FROM "main_app_orderproduct" WHERE "main_app_orderproduct"."order_id" IN (1, 2, 3); args=(1, 2, 3); alias=default
DEBUG 2025-03-17 11:51:12,601 utils (0.001) SELECT "main_app_customer"."id", "main_app_customer"."username" FROM "main_app_customer" WHERE "main_app_customer"."id" = 1 LIMIT 21; args=(1,); alias=default
DEBUG 2025-03-17 11:51:12,603 utils (0.001) SELECT "main_app_product"."id", "main_app_product"."name", "main_app_product"."description", "main_app_product"."price", "main_app_product"."category_id", "main_app_product"."is_available" FROM "main_app_product" WHERE "main_app_product"."id" = 3 LIMIT 21; args=(3,); alias=default
DEBUG 2025-03-17 11:51:12,603 utils (0.001) SELECT "main_app_category"."id", "main_app_category"."name" FROM "main_app_category" WHERE "main_app_category"."id" = 1 LIMIT 21; args=(1,); alias=default
DEBUG 2025-03-17 11:51:12,604 utils (0.000) SELECT "main_app_product"."id", "main_app_product"."name", "main_app_product"."description", "main_app_product"."price", "main_app_product"."category_id", "main_app_product"."is_available" FROM "main_app_product" WHERE "main_app_product"."id" = 6 LIMIT 21; args=(6,); alias=default
DEBUG 2025-03-17 11:51:12,604 utils (0.000) SELECT "main_app_category"."id", "main_app_category"."name" FROM "main_app_category" WHERE "main_app_category"."id" = 1 LIMIT 21; args=(1,); alias=default
DEBUG 2025-03-17 11:51:12,605 utils (0.000) SELECT "main_app_product"."id", "main_app_product"."name", "main_app_product"."description", "main_app_product"."price", "main_app_product"."category_id", "main_app_product"."is_available" FROM "main_app_product" WHERE "main_app_product"."id" = 7 LIMIT 21; args=(7,); alias=default
DEBUG 2025-03-17 11:51:12,605 utils (0.000) SELECT "main_app_category"."id", "main_app_category"."name" FROM "main_app_category" WHERE "main_app_category"."id" = 1 LIMIT 21; args=(1,); alias=default
DEBUG 2025-03-17 11:51:12,605 utils (0.000) SELECT "main_app_product"."id", "main_app_product"."name", "main_app_product"."description", "main_app_product"."price", "main_app_product"."category_id", "main_app_product"."is_available" FROM "main_app_product" WHERE "main_app_product"."id" = 13 LIMIT 21; args=(13,); alias=default
DEBUG 2025-03-17 11:51:12,606 utils (0.000) SELECT "main_app_category"."id", "main_app_category"."name" FROM "main_app_category" WHERE "main_app_category"."id" = 2 LIMIT 21; args=(2,); alias=default
DEBUG 2025-03-17 11:51:12,606 utils (0.000) SELECT "main_app_customer"."id", "main_app_customer"."username" FROM "main_app_customer" WHERE "main_app_customer"."id" = 3 LIMIT 21; args=(3,); alias=default
DEBUG 2025-03-17 11:51:12,607 utils (0.000) SELECT "main_app_product"."id", "main_app_product"."name", "main_app_product"."description", "main_app_product"."price", "main_app_product"."category_id", "main_app_product"."is_available" FROM "main_app_product" WHERE "main_app_product"."id" = 3 LIMIT 21; args=(3,); alias=default
DEBUG 2025-03-17 11:51:12,607 utils (0.000) SELECT "main_app_category"."id", "main_app_category"."name" FROM "main_app_category" WHERE "main_app_category"."id" = 1 LIMIT 21; args=(1,); alias=default
DEBUG 2025-03-17 11:51:12,608 utils (0.000) SELECT "main_app_product"."id", "main_app_product"."name", "main_app_product"."description", "main_app_product"."price", "main_app_product"."category_id", "main_app_product"."is_available" FROM "main_app_product" WHERE "main_app_product"."id" = 9 LIMIT 21; args=(9,); alias=default
DEBUG 2025-03-17 11:51:12,608 utils (0.000) SELECT "main_app_category"."id", "main_app_category"."name" FROM "main_app_category" WHERE "main_app_category"."id" = 1 LIMIT 21; args=(1,); alias=default
DEBUG 2025-03-17 11:51:12,609 utils (0.000) SELECT "main_app_customer"."id", "main_app_customer"."username" FROM "main_app_customer" WHERE "main_app_customer"."id" = 1 LIMIT 21; args=(1,); alias=default
DEBUG 2025-03-17 11:51:12,609 utils (0.000) SELECT "main_app_product"."id", "main_app_product"."name", "main_app_product"."description", "main_app_product"."price", "main_app_product"."category_id", "main_app_product"."is_available" FROM "main_app_product" WHERE "main_app_product"."id" = 12 LIMIT 21; args=(12,); alias=default
DEBUG 2025-03-17 11:51:12,609 utils (0.000) SELECT "main_app_category"."id", "main_app_category"."name" FROM "main_app_category" WHERE "main_app_category"."id" = 2 LIMIT 21; args=(2,); alias=default
DEBUG 2025-03-17 11:51:12,610 utils (0.000) SELECT "main_app_product"."id", "main_app_product"."name", "main_app_product"."description", "main_app_product"."price", "main_app_product"."category_id", "main_app_product"."is_available" FROM "main_app_product" WHERE "main_app_product"."id" = 7 LIMIT 21; args=(7,); alias=default
DEBUG 2025-03-17 11:51:12,610 utils (0.000) SELECT "main_app_category"."id", "main_app_category"."name" FROM "main_app_category" WHERE "main_app_category"."id" = 1 LIMIT 21; args=(1,); alias=default
DEBUG 2025-03-17 11:53:34,567 utils (0.001) SELECT "main_app_order"."id", "main_app_order"."customer_id" FROM "main_app_order" ORDER BY "main_app_order"."id" ASC LIMIT 21; args=(); alias=default
DEBUG 2025-03-17 11:53:34,570 utils (0.001) SELECT "main_app_orderproduct"."id", "main_app_orderproduct"."order_id", "main_app_orderproduct"."product_id", "main_app_orderproduct"."quantity" FROM "main_app_orderproduct" WHERE "main_app_orderproduct"."order_id" IN (1, 2, 3); args=(1, 2, 3); alias=default
DEBUG 2025-03-17 11:53:58,781 utils (0.001) SELECT "main_app_order"."id", "main_app_order"."customer_id" FROM "main_app_order" ORDER BY "main_app_order"."id" ASC; args=(); alias=default
DEBUG 2025-03-17 11:53:58,784 utils (0.002) SELECT "main_app_orderproduct"."id", "main_app_orderproduct"."order_id", "main_app_orderproduct"."product_id", "main_app_orderproduct"."quantity" FROM "main_app_orderproduct" WHERE "main_app_orderproduct"."order_id" IN (1, 2, 3); args=(1, 2, 3); alias=default
DEBUG 2025-03-17 11:55:32,814 utils (0.001) SELECT "main_app_order"."id", "main_app_order"."customer_id" FROM "main_app_order" ORDER BY "main_app_order"."id" ASC; args=(); alias=default
DEBUG 2025-03-17 11:55:32,817 utils (0.001) SELECT "main_app_orderproduct"."id", "main_app_orderproduct"."order_id", "main_app_orderproduct"."product_id", "main_app_orderproduct"."quantity" FROM "main_app_orderproduct" WHERE "main_app_orderproduct"."order_id" IN (1, 2, 3); args=(1, 2, 3); alias=default
DEBUG 2025-03-17 11:55:32,818 utils (0.001) SELECT "main_app_customer"."id", "main_app_customer"."username" FROM "main_app_customer" WHERE "main_app_customer"."id" = 1 LIMIT 21; args=(1,); alias=default
DEBUG 2025-03-17 11:55:32,819 utils (0.000) SELECT "main_app_customer"."id", "main_app_customer"."username" FROM "main_app_customer" WHERE "main_app_customer"."id" = 3 LIMIT 21; args=(3,); alias=default
DEBUG 2025-03-17 11:55:32,819 utils (0.000) SELECT "main_app_customer"."id", "main_app_customer"."username" FROM "main_app_customer" WHERE "main_app_customer"."id" = 1 LIMIT 21; args=(1,); alias=default
DEBUG 2025-03-17 11:56:04,524 utils (0.001) SELECT "main_app_order"."id", "main_app_order"."customer_id" FROM "main_app_order" ORDER BY "main_app_order"."id" ASC; args=(); alias=default
DEBUG 2025-03-17 11:56:04,527 utils (0.001) SELECT "main_app_orderproduct"."id", "main_app_orderproduct"."order_id", "main_app_orderproduct"."product_id", "main_app_orderproduct"."quantity" FROM "main_app_orderproduct" WHERE "main_app_orderproduct"."order_id" IN (1, 2, 3); args=(1, 2, 3); alias=default
DEBUG 2025-03-17 11:56:04,529 utils (0.001) SELECT "main_app_customer"."id", "main_app_customer"."username" FROM "main_app_customer" WHERE "main_app_customer"."id" = 1 LIMIT 21; args=(1,); alias=default
DEBUG 2025-03-17 11:56:04,529 utils (0.000) SELECT "main_app_customer"."id", "main_app_customer"."username" FROM "main_app_customer" WHERE "main_app_customer"."id" = 3 LIMIT 21; args=(3,); alias=default
DEBUG 2025-03-17 11:56:04,530 utils (0.000) SELECT "main_app_customer"."id", "main_app_customer"."username" FROM "main_app_customer" WHERE "main_app_customer"."id" = 1 LIMIT 21; args=(1,); alias=default
DEBUG 2025-03-17 11:58:36,158 utils (0.001) SELECT "main_app_order"."id", "main_app_order"."customer_id" FROM "main_app_order" ORDER BY "main_app_order"."id" ASC; args=(); alias=default
DEBUG 2025-03-17 11:58:36,161 utils (0.001) SELECT "main_app_orderproduct"."id", "main_app_orderproduct"."order_id", "main_app_orderproduct"."product_id", "main_app_orderproduct"."quantity" FROM "main_app_orderproduct" WHERE "main_app_orderproduct"."order_id" IN (1, 2, 3); args=(1, 2, 3); alias=default
DEBUG 2025-03-17 11:58:36,163 utils (0.001) SELECT "main_app_customer"."id", "main_app_customer"."username" FROM "main_app_customer" WHERE "main_app_customer"."id" = 1 LIMIT 21; args=(1,); alias=default
DEBUG 2025-03-17 11:58:36,164 utils (0.001) SELECT "main_app_product"."id", "main_app_product"."name", "main_app_product"."description", "main_app_product"."price", "main_app_product"."category_id", "main_app_product"."is_available" FROM "main_app_product" WHERE "main_app_product"."id" = 3 LIMIT 21; args=(3,); alias=default
DEBUG 2025-03-17 11:58:36,165 utils (0.001) SELECT "main_app_category"."id", "main_app_category"."name" FROM "main_app_category" WHERE "main_app_category"."id" = 1 LIMIT 21; args=(1,); alias=default
DEBUG 2025-03-17 11:58:36,165 utils (0.000) SELECT "main_app_product"."id", "main_app_product"."name", "main_app_product"."description", "main_app_product"."price", "main_app_product"."category_id", "main_app_product"."is_available" FROM "main_app_product" WHERE "main_app_product"."id" = 6 LIMIT 21; args=(6,); alias=default
DEBUG 2025-03-17 11:58:36,166 utils (0.000) SELECT "main_app_category"."id", "main_app_category"."name" FROM "main_app_category" WHERE "main_app_category"."id" = 1 LIMIT 21; args=(1,); alias=default
DEBUG 2025-03-17 11:58:36,166 utils (0.000) SELECT "main_app_product"."id", "main_app_product"."name", "main_app_product"."description", "main_app_product"."price", "main_app_product"."category_id", "main_app_product"."is_available" FROM "main_app_product" WHERE "main_app_product"."id" = 7 LIMIT 21; args=(7,); alias=default
DEBUG 2025-03-17 11:58:36,167 utils (0.000) SELECT "main_app_category"."id", "main_app_category"."name" FROM "main_app_category" WHERE "main_app_category"."id" = 1 LIMIT 21; args=(1,); alias=default
DEBUG 2025-03-17 11:58:36,167 utils (0.000) SELECT "main_app_product"."id", "main_app_product"."name", "main_app_product"."description", "main_app_product"."price", "main_app_product"."category_id", "main_app_product"."is_available" FROM "main_app_product" WHERE "main_app_product"."id" = 13 LIMIT 21; args=(13,); alias=default
DEBUG 2025-03-17 11:58:36,168 utils (0.000) SELECT "main_app_category"."id", "main_app_category"."name" FROM "main_app_category" WHERE "main_app_category"."id" = 2 LIMIT 21; args=(2,); alias=default
DEBUG 2025-03-17 11:58:36,168 utils (0.000) SELECT "main_app_customer"."id", "main_app_customer"."username" FROM "main_app_customer" WHERE "main_app_customer"."id" = 3 LIMIT 21; args=(3,); alias=default
DEBUG 2025-03-17 11:58:36,168 utils (0.000) SELECT "main_app_product"."id", "main_app_product"."name", "main_app_product"."description", "main_app_product"."price", "main_app_product"."category_id", "main_app_product"."is_available" FROM "main_app_product" WHERE "main_app_product"."id" = 3 LIMIT 21; args=(3,); alias=default
DEBUG 2025-03-17 11:58:36,169 utils (0.000) SELECT "main_app_category"."id", "main_app_category"."name" FROM "main_app_category" WHERE "main_app_category"."id" = 1 LIMIT 21; args=(1,); alias=default
DEBUG 2025-03-17 11:58:36,169 utils (0.000) SELECT "main_app_product"."id", "main_app_product"."name", "main_app_product"."description", "main_app_product"."price", "main_app_product"."category_id", "main_app_product"."is_available" FROM "main_app_product" WHERE "main_app_product"."id" = 9 LIMIT 21; args=(9,); alias=default
DEBUG 2025-03-17 11:58:36,170 utils (0.000) SELECT "main_app_category"."id", "main_app_category"."name" FROM "main_app_category" WHERE "main_app_category"."id" = 1 LIMIT 21; args=(1,); alias=default
DEBUG 2025-03-17 11:58:36,170 utils (0.000) SELECT "main_app_customer"."id", "main_app_customer"."username" FROM "main_app_customer" WHERE "main_app_customer"."id" = 1 LIMIT 21; args=(1,); alias=default
DEBUG 2025-03-17 11:58:36,171 utils (0.000) SELECT "main_app_product"."id", "main_app_product"."name", "main_app_product"."description", "main_app_product"."price", "main_app_product"."category_id", "main_app_product"."is_available" FROM "main_app_product" WHERE "main_app_product"."id" = 12 LIMIT 21; args=(12,); alias=default
DEBUG 2025-03-17 11:58:36,171 utils (0.000) SELECT "main_app_category"."id", "main_app_category"."name" FROM "main_app_category" WHERE "main_app_category"."id" = 2 LIMIT 21; args=(2,); alias=default
DEBUG 2025-03-17 11:58:36,171 utils (0.000) SELECT "main_app_product"."id", "main_app_product"."name", "main_app_product"."description", "main_app_product"."price", "main_app_product"."category_id", "main_app_product"."is_available" FROM "main_app_product" WHERE "main_app_product"."id" = 7 LIMIT 21; args=(7,); alias=default
DEBUG 2025-03-17 11:58:36,172 utils (0.000) SELECT "main_app_category"."id", "main_app_category"."name" FROM "main_app_category" WHERE "main_app_category"."id" = 1 LIMIT 21; args=(1,); alias=default
DEBUG 2025-03-17 12:15:42,673 utils (0.002) SELECT "main_app_product"."id", "main_app_product"."name", "main_app_product"."description", "main_app_product"."price", "main_app_product"."category_id", "main_app_product"."is_available" FROM "main_app_product" WHERE "main_app_product"."price" > 3 ORDER BY "main_app_product"."price" DESC, "main_app_product"."name" ASC; args=(Decimal('3'),); alias=default
DEBUG 2025-03-17 12:16:39,289 utils (0.002) SELECT "main_app_product"."id", "main_app_product"."name", "main_app_product"."description", "main_app_product"."price", "main_app_product"."category_id", "main_app_product"."is_available" FROM "main_app_product" WHERE ("main_app_product"."is_available" AND "main_app_product"."price" > 3) ORDER BY "main_app_product"."price" DESC, "main_app_product"."name" ASC; args=(Decimal('3'),); alias=default
DEBUG 2025-03-17 12:21:12,251 utils (0.002) SELECT "main_app_product"."id", "main_app_product"."name", "main_app_product"."description", "main_app_product"."price", "main_app_product"."category_id", "main_app_product"."is_available" FROM "main_app_product" WHERE ("main_app_product"."price" > 3 AND "main_app_product"."is_available") ORDER BY "main_app_product"."price" DESC, "main_app_product"."name" ASC; args=(Decimal('3'),); alias=default
DEBUG 2025-03-17 12:21:34,199 utils (0.002) SELECT "main_app_product"."id", "main_app_product"."name", "main_app_product"."description", "main_app_product"."price", "main_app_product"."category_id", "main_app_product"."is_available" FROM "main_app_product" WHERE ("main_app_product"."is_available" AND "main_app_product"."price" > 3) ORDER BY "main_app_product"."price" DESC, "main_app_product"."name" ASC; args=(Decimal('3'),); alias=default
DEBUG 2025-03-17 21:06:21,260 utils (0.007) UPDATE "main_app_product" SET "price" = ("main_app_product"."price" * 0.7) WHERE ("main_app_product"."is_available" AND "main_app_product"."price" > 3); args=(0.7, Decimal('3')); alias=default
DEBUG 2025-03-17 21:06:21,262 utils (0.001) SELECT "main_app_product"."id", "main_app_product"."name", "main_app_product"."description", "main_app_product"."price", "main_app_product"."category_id", "main_app_product"."is_available" FROM "main_app_product" WHERE "main_app_product"."is_available" ORDER BY "main_app_product"."price" DESC, "main_app_product"."name" ASC; args=(); alias=default
DEBUG 2025-03-17 21:07:49,491 utils (0.002) UPDATE "main_app_product" SET "price" = ("main_app_product"."price" * 0.7) WHERE ("main_app_product"."is_available" AND "main_app_product"."price" > 3); args=(0.7, Decimal('3')); alias=default
DEBUG 2025-03-17 21:07:49,493 utils (0.001) SELECT "main_app_product"."id", "main_app_product"."name", "main_app_product"."description", "main_app_product"."price", "main_app_product"."category_id", "main_app_product"."is_available" FROM "main_app_product" WHERE "main_app_product"."is_available" ORDER BY "main_app_product"."price" DESC, "main_app_product"."name" ASC; args=(); alias=default
